# JRE version: Java(TM) SE Runtime Environment (8.0_152-b16) (build 1.8.0_152-b16)
# Java VM: Java HotSpot(TM) 64-Bit Server VM (25.152-b16 mixed mode bsd-amd64 compressed oops)
Heap:
 PSYoungGen      total 499712K, used 248562K [0x0000000795580000, 0x00000007ba100000, 0x00000007c0000000)
  eden space 480768K, 47% used [0x0000000795580000,0x00000007a35c4b58,0x00000007b2b00000)
  from space 18944K, 99% used [0x00000007b2b00000,0x00000007b3d78020,0x00000007b3d80000)
  to   space 31232K, 0% used [0x00000007b8280000,0x00000007b8280000,0x00000007ba100000)
 ParOldGen       total 190464K, used 60852K [0x0000000740000000, 0x000000074ba00000, 0x0000000795580000)
  object space 190464K, 31% used [0x0000000740000000,0x0000000743b6d358,0x000000074ba00000)
 Metaspace       used 74932K, capacity 101620K, committed 101784K, reserved 1124352K
  class space    used 18458K, capacity 27286K, committed 27312K, reserved 1048576K
GC Heap History (10 events):
Event: 13.593 GC heap before
{Heap before GC invocations=17 (full 3):
 PSYoungGen      total 377344K, used 377333K [0x0000000795580000, 0x00000007af900000, 0x00000007c0000000)
  eden space 367616K, 100% used [0x0000000795580000,0x00000007abc80000,0x00000007abc80000)
  from space 9728K, 99% used [0x00000007abc80000,0x00000007ac5fd788,0x00000007ac600000)
  to   space 11264K, 0% used [0x00000007aee00000,0x00000007aee00000,0x00000007af900000)
 ParOldGen       total 137728K, used 19939K [0x0000000740000000, 0x0000000748680000, 0x0000000795580000)
  object space 137728K, 14% used [0x0000000740000000,0x0000000741378ec0,0x0000000748680000)
 Metaspace       used 72204K, capacity 97456K, committed 97560K, reserved 1120256K
  class space    used 17725K, capacity 26094K, committed 26160K, reserved 1048576K
Event: 13.602 GC heap after
Heap after GC invocations=17 (full 3):
 PSYoungGen      total 416768K, used 11205K [0x0000000795580000, 0x00000007aff00000, 0x00000007c0000000)
  eden space 405504K, 0% used [0x0000000795580000,0x0000000795580000,0x00000007ae180000)
  from space 11264K, 99% used [0x00000007aee00000,0x00000007af8f1438,0x00000007af900000)
  to   space 12800K, 0% used [0x00000007ae180000,0x00000007ae180000,0x00000007aee00000)
 ParOldGen       total 137728K, used 19947K [0x0000000740000000, 0x0000000748680000, 0x0000000795580000)
  object space 137728K, 14% used [0x0000000740000000,0x000000074137aec0,0x0000000748680000)
 Metaspace       used 72204K, capacity 97456K, committed 97560K, reserved 1120256K
  class space    used 17725K, capacity 26094K, committed 26160K, reserved 1048576K
}
Event: 13.797 GC heap before
{Heap before GC invocations=18 (full 3):
 PSYoungGen      total 416768K, used 55746K [0x0000000795580000, 0x00000007aff00000, 0x00000007c0000000)
  eden space 405504K, 10% used [0x0000000795580000,0x00000007980ff560,0x00000007ae180000)
  from space 11264K, 99% used [0x00000007aee00000,0x00000007af8f1438,0x00000007af900000)
  to   space 12800K, 0% used [0x00000007ae180000,0x00000007ae180000,0x00000007aee00000)
 ParOldGen       total 137728K, used 19947K [0x0000000740000000, 0x0000000748680000, 0x0000000795580000)
  object space 137728K, 14% used [0x0000000740000000,0x000000074137aec0,0x0000000748680000)
 Metaspace       used 72743K, capacity 98426K, committed 98584K, reserved 1122304K
  class space    used 17858K, capacity 26400K, committed 26416K, reserved 1048576K
Event: 13.806 GC heap after
Heap after GC invocations=18 (full 3):
 PSYoungGen      total 418304K, used 11187K [0x0000000795580000, 0x00000007b4b00000, 0x00000007c0000000)
  eden space 405504K, 0% used [0x0000000795580000,0x0000000795580000,0x00000007ae180000)
  from space 12800K, 87% used [0x00000007ae180000,0x00000007aec6cd38,0x00000007aee00000)
  to   space 13824K, 0% used [0x00000007b3d80000,0x00000007b3d80000,0x00000007b4b00000)
 ParOldGen       total 137728K, used 19947K [0x0000000740000000, 0x0000000748680000, 0x0000000795580000)
  object space 137728K, 14% used [0x0000000740000000,0x000000074137aec0,0x0000000748680000)
 Metaspace       used 72743K, capacity 98426K, committed 98584K, reserved 1122304K
  class space    used 17858K, capacity 26400K, committed 26416K, reserved 1048576K
}
Event: 13.806 GC heap before
{Heap before GC invocations=19 (full 4):
 PSYoungGen      total 418304K, used 11187K [0x0000000795580000, 0x00000007b4b00000, 0x00000007c0000000)
  eden space 405504K, 0% used [0x0000000795580000,0x0000000795580000,0x00000007ae180000)
  from space 12800K, 87% used [0x00000007ae180000,0x00000007aec6cd38,0x00000007aee00000)
  to   space 13824K, 0% used [0x00000007b3d80000,0x00000007b3d80000,0x00000007b4b00000)
 ParOldGen       total 137728K, used 19947K [0x0000000740000000, 0x0000000748680000, 0x0000000795580000)
  object space 137728K, 14% used [0x0000000740000000,0x000000074137aec0,0x0000000748680000)
 Metaspace       used 72743K, capacity 98426K, committed 98584K, reserved 1122304K
  class space    used 17858K, capacity 26400K, committed 26416K, reserved 1048576K
Event: 13.883 GC heap after
Heap after GC invocations=19 (full 4):
 PSYoungGen      total 418304K, used 0K [0x0000000795580000, 0x00000007b4b00000, 0x00000007c0000000)
  eden space 405504K, 0% used [0x0000000795580000,0x0000000795580000,0x00000007ae180000)
  from space 12800K, 0% used [0x00000007ae180000,0x00000007ae180000,0x00000007aee00000)
  to   space 13824K, 0% used [0x00000007b3d80000,0x00000007b3d80000,0x00000007b4b00000)
 ParOldGen       total 190464K, used 26410K [0x0000000740000000, 0x000000074ba00000, 0x0000000795580000)
  object space 190464K, 13% used [0x0000000740000000,0x00000007419caa28,0x000000074ba00000)
 Metaspace       used 72739K, capacity 98420K, committed 98584K, reserved 1122304K
  class space    used 17856K, capacity 26398K, committed 26416K, reserved 1048576K
}
Event: 20.676 GC heap before
{Heap before GC invocations=20 (full 4):
 PSYoungGen      total 418304K, used 405504K [0x0000000795580000, 0x00000007b4b00000, 0x00000007c0000000)
  eden space 405504K, 100% used [0x0000000795580000,0x00000007ae180000,0x00000007ae180000)
  from space 12800K, 0% used [0x00000007ae180000,0x00000007ae180000,0x00000007aee00000)
  to   space 13824K, 0% used [0x00000007b3d80000,0x00000007b3d80000,0x00000007b4b00000)
 ParOldGen       total 190464K, used 26410K [0x0000000740000000, 0x000000074ba00000, 0x0000000795580000)
  object space 190464K, 13% used [0x0000000740000000,0x00000007419caa28,0x000000074ba00000)
 Metaspace       used 74892K, capacity 101610K, committed 101784K, reserved 1124352K
  class space    used 18457K, capacity 27284K, committed 27312K, reserved 1048576K
Event: 20.723 GC heap after
Heap after GC invocations=20 (full 4):
 PSYoungGen      total 494592K, used 13792K [0x0000000795580000, 0x00000007b5600000, 0x00000007c0000000)
  eden space 480768K, 0% used [0x0000000795580000,0x0000000795580000,0x00000007b2b00000)
  from space 13824K, 99% used [0x00000007b3d80000,0x00000007b4af8020,0x00000007b4b00000)
  to   space 18944K, 0% used [0x00000007b2b00000,0x00000007b2b00000,0x00000007b3d80000)
 ParOldGen       total 190464K, used 35172K [0x0000000740000000, 0x000000074ba00000, 0x0000000795580000)
  object space 190464K, 18% used [0x0000000740000000,0x0000000742259358,0x000000074ba00000)
 Metaspace       used 74892K, capacity 101610K, committed 101784K, reserved 1124352K
  class space    used 18457K, capacity 27284K, committed 27312K, reserved 1048576K
}
Event: 28.532 GC heap before
{Heap before GC invocations=21 (full 4):
 PSYoungGen      total 494592K, used 494560K [0x0000000795580000, 0x00000007b5600000, 0x00000007c0000000)
  eden space 480768K, 100% used [0x0000000795580000,0x00000007b2b00000,0x00000007b2b00000)
  from space 13824K, 99% used [0x00000007b3d80000,0x00000007b4af8020,0x00000007b4b00000)
  to   space 18944K, 0% used [0x00000007b2b00000,0x00000007b2b00000,0x00000007b3d80000)
 ParOldGen       total 190464K, used 35172K [0x0000000740000000, 0x000000074ba00000, 0x0000000795580000)
  object space 190464K, 18% used [0x0000000740000000,0x0000000742259358,0x000000074ba00000)
 Metaspace       used 74925K, capacity 101614K, committed 101784K, reserved 1124352K
  class space    used 18457K, capacity 27284K, committed 27312K, reserved 1048576K
Event: 28.589 GC heap after
Heap after GC invocations=21 (full 4):
 PSYoungGen      total 499712K, used 18912K [0x0000000795580000, 0x00000007ba100000, 0x00000007c0000000)
  eden space 480768K, 0% used [0x0000000795580000,0x0000000795580000,0x00000007b2b00000)
  from space 18944K, 99% used [0x00000007b2b00000,0x00000007b3d78020,0x00000007b3d80000)
  to   space 31232K, 0% used [0x00000007b8280000,0x00000007b8280000,0x00000007ba100000)
 ParOldGen       total 190464K, used 60852K [0x0000000740000000, 0x000000074ba00000, 0x0000000795580000)
  object space 190464K, 31% used [0x0000000740000000,0x0000000743b6d358,0x000000074ba00000)
 Metaspace       used 74925K, capacity 101614K, committed 101784K, reserved 1124352K
  class space    used 18457K, capacity 27284K, committed 27312K, reserved 1048576K
}

