# JRE version: Java(TM) SE Runtime Environment (8.0_152-b16) (build 1.8.0_152-b16)
# Java VM: Java HotSpot(TM) 64-Bit Server VM (25.152-b16 mixed mode bsd-amd64 compressed oops)
Heap:
 PSYoungGen      total 511488K, used 233626K [0x0000000795580000, 0x00000007b7700000, 0x00000007c0000000)
  eden space 493568K, 43% used [0x0000000795580000,0x00000007a282e8a0,0x00000007b3780000)
  from space 17920K, 99% used [0x00000007b5380000,0x00000007b64f8020,0x00000007b6500000)
  to   space 28672K, 0% used [0x00000007b3780000,0x00000007b3780000,0x00000007b5380000)
 ParOldGen       total 182272K, used 61348K [0x0000000740000000, 0x000000074b200000, 0x0000000795580000)
  object space 182272K, 33% used [0x0000000740000000,0x0000000743be9338,0x000000074b200000)
 Metaspace       used 75159K, capacity 101774K, committed 101928K, reserved 1124352K
  class space    used 18490K, capacity 27316K, committed 27432K, reserved 1048576K
GC Heap History (10 events):
Event: 12.487 GC heap before
{Heap before GC invocations=16 (full 3):
 PSYoungGen      total 402944K, used 400749K [0x0000000795580000, 0x00000007ae800000, 0x00000007c0000000)
  eden space 394240K, 100% used [0x0000000795580000,0x00000007ad680000,0x00000007ad680000)
  from space 8704K, 74% used [0x00000007adf00000,0x00000007ae55b450,0x00000007ae780000)
  to   space 8704K, 0% used [0x00000007ad680000,0x00000007ad680000,0x00000007adf00000)
 ParOldGen       total 121856K, used 14163K [0x0000000740000000, 0x0000000747700000, 0x0000000795580000)
  object space 121856K, 11% used [0x0000000740000000,0x0000000740dd4ce0,0x0000000747700000)
 Metaspace       used 70099K, capacity 94090K, committed 94248K, reserved 1118208K
  class space    used 17025K, capacity 25012K, committed 25128K, reserved 1048576K
Event: 12.497 GC heap after
Heap after GC invocations=16 (full 3):
 PSYoungGen      total 402944K, used 8677K [0x0000000795580000, 0x00000007b2000000, 0x00000007c0000000)
  eden space 394240K, 0% used [0x0000000795580000,0x0000000795580000,0x00000007ad680000)
  from space 8704K, 99% used [0x00000007ad680000,0x00000007adef9778,0x00000007adf00000)
  to   space 10752K, 0% used [0x00000007b1580000,0x00000007b1580000,0x00000007b2000000)
 ParOldGen       total 121856K, used 17328K [0x0000000740000000, 0x0000000747700000, 0x0000000795580000)
  object space 121856K, 14% used [0x0000000740000000,0x00000007410ec1d8,0x0000000747700000)
 Metaspace       used 70099K, capacity 94090K, committed 94248K, reserved 1118208K
  class space    used 17025K, capacity 25012K, committed 25128K, reserved 1048576K
}
Event: 13.247 GC heap before
{Heap before GC invocations=17 (full 3):
 PSYoungGen      total 402944K, used 354855K [0x0000000795580000, 0x00000007b2000000, 0x00000007c0000000)
  eden space 394240K, 87% used [0x0000000795580000,0x00000007aa790490,0x00000007ad680000)
  from space 8704K, 99% used [0x00000007ad680000,0x00000007adef9778,0x00000007adf00000)
  to   space 10752K, 0% used [0x00000007b1580000,0x00000007b1580000,0x00000007b2000000)
 ParOldGen       total 121856K, used 17328K [0x0000000740000000, 0x0000000747700000, 0x0000000795580000)
  object space 121856K, 14% used [0x0000000740000000,0x00000007410ec1d8,0x0000000747700000)
 Metaspace       used 72693K, capacity 98420K, committed 98600K, reserved 1122304K
  class space    used 17853K, capacity 26398K, committed 26408K, reserved 1048576K
Event: 13.256 GC heap after
Heap after GC invocations=17 (full 3):
 PSYoungGen      total 457728K, used 10021K [0x0000000795580000, 0x00000007b2380000, 0x00000007c0000000)
  eden space 446976K, 0% used [0x0000000795580000,0x0000000795580000,0x00000007b0a00000)
  from space 10752K, 93% used [0x00000007b1580000,0x00000007b1f49438,0x00000007b2000000)
  to   space 11776K, 0% used [0x00000007b0a00000,0x00000007b0a00000,0x00000007b1580000)
 ParOldGen       total 121856K, used 17328K [0x0000000740000000, 0x0000000747700000, 0x0000000795580000)
  object space 121856K, 14% used [0x0000000740000000,0x00000007410ec1d8,0x0000000747700000)
 Metaspace       used 72693K, capacity 98420K, committed 98600K, reserved 1122304K
  class space    used 17853K, capacity 26398K, committed 26408K, reserved 1048576K
}
Event: 13.256 GC heap before
{Heap before GC invocations=18 (full 4):
 PSYoungGen      total 457728K, used 10021K [0x0000000795580000, 0x00000007b2380000, 0x00000007c0000000)
  eden space 446976K, 0% used [0x0000000795580000,0x0000000795580000,0x00000007b0a00000)
  from space 10752K, 93% used [0x00000007b1580000,0x00000007b1f49438,0x00000007b2000000)
  to   space 11776K, 0% used [0x00000007b0a00000,0x00000007b0a00000,0x00000007b1580000)
 ParOldGen       total 121856K, used 17328K [0x0000000740000000, 0x0000000747700000, 0x0000000795580000)
  object space 121856K, 14% used [0x0000000740000000,0x00000007410ec1d8,0x0000000747700000)
 Metaspace       used 72693K, capacity 98420K, committed 98600K, reserved 1122304K
  class space    used 17853K, capacity 26398K, committed 26408K, reserved 1048576K
Event: 13.486 GC heap after
Heap after GC invocations=18 (full 4):
 PSYoungGen      total 457728K, used 0K [0x0000000795580000, 0x00000007b2380000, 0x00000007c0000000)
  eden space 446976K, 0% used [0x0000000795580000,0x0000000795580000,0x00000007b0a00000)
  from space 10752K, 0% used [0x00000007b1580000,0x00000007b1580000,0x00000007b2000000)
  to   space 11776K, 0% used [0x00000007b0a00000,0x00000007b0a00000,0x00000007b1580000)
 ParOldGen       total 182272K, used 25895K [0x0000000740000000, 0x000000074b200000, 0x0000000795580000)
  object space 182272K, 14% used [0x0000000740000000,0x0000000741949cc0,0x000000074b200000)
 Metaspace       used 72690K, capacity 98414K, committed 98600K, reserved 1122304K
  class space    used 17852K, capacity 26396K, committed 26408K, reserved 1048576K
}
Event: 21.429 GC heap before
{Heap before GC invocations=19 (full 4):
 PSYoungGen      total 457728K, used 446976K [0x0000000795580000, 0x00000007b2380000, 0x00000007c0000000)
  eden space 446976K, 100% used [0x0000000795580000,0x00000007b0a00000,0x00000007b0a00000)
  from space 10752K, 0% used [0x00000007b1580000,0x00000007b1580000,0x00000007b2000000)
  to   space 11776K, 0% used [0x00000007b0a00000,0x00000007b0a00000,0x00000007b1580000)
 ParOldGen       total 182272K, used 25895K [0x0000000740000000, 0x000000074b200000, 0x0000000795580000)
  object space 182272K, 14% used [0x0000000740000000,0x0000000741949cc0,0x000000074b200000)
 Metaspace       used 75119K, capacity 101764K, committed 101928K, reserved 1124352K
  class space    used 18487K, capacity 27314K, committed 27432K, reserved 1048576K
Event: 21.480 GC heap after
Heap after GC invocations=19 (full 4):
 PSYoungGen      total 458752K, used 11744K [0x0000000795580000, 0x00000007b6500000, 0x00000007c0000000)
  eden space 446976K, 0% used [0x0000000795580000,0x0000000795580000,0x00000007b0a00000)
  from space 11776K, 99% used [0x00000007b0a00000,0x00000007b1578020,0x00000007b1580000)
  to   space 17920K, 0% used [0x00000007b5380000,0x00000007b5380000,0x00000007b6500000)
 ParOldGen       total 182272K, used 39604K [0x0000000740000000, 0x000000074b200000, 0x0000000795580000)
  object space 182272K, 21% used [0x0000000740000000,0x00000007426ad338,0x000000074b200000)
 Metaspace       used 75119K, capacity 101764K, committed 101928K, reserved 1124352K
  class space    used 18487K, capacity 27314K, committed 27432K, reserved 1048576K
}
Event: 29.372 GC heap before
{Heap before GC invocations=20 (full 4):
 PSYoungGen      total 458752K, used 458720K [0x0000000795580000, 0x00000007b6500000, 0x00000007c0000000)
  eden space 446976K, 100% used [0x0000000795580000,0x00000007b0a00000,0x00000007b0a00000)
  from space 11776K, 99% used [0x00000007b0a00000,0x00000007b1578020,0x00000007b1580000)
  to   space 17920K, 0% used [0x00000007b5380000,0x00000007b5380000,0x00000007b6500000)
 ParOldGen       total 182272K, used 39604K [0x0000000740000000, 0x000000074b200000, 0x0000000795580000)
  object space 182272K, 21% used [0x0000000740000000,0x00000007426ad338,0x000000074b200000)
 Metaspace       used 75148K, capacity 101768K, committed 101928K, reserved 1124352K
  class space    used 18487K, capacity 27314K, committed 27432K, reserved 1048576K
Event: 29.426 GC heap after
Heap after GC invocations=20 (full 4):
 PSYoungGen      total 511488K, used 17888K [0x0000000795580000, 0x00000007b7700000, 0x00000007c0000000)
  eden space 493568K, 0% used [0x0000000795580000,0x0000000795580000,0x00000007b3780000)
  from space 17920K, 99% used [0x00000007b5380000,0x00000007b64f8020,0x00000007b6500000)
  to   space 28672K, 0% used [0x00000007b3780000,0x00000007b3780000,0x00000007b5380000)
 ParOldGen       total 182272K, used 61348K [0x0000000740000000, 0x000000074b200000, 0x0000000795580000)
  object space 182272K, 33% used [0x0000000740000000,0x0000000743be9338,0x000000074b200000)
 Metaspace       used 75148K, capacity 101768K, committed 101928K, reserved 1124352K
  class space    used 18487K, capacity 27314K, committed 27432K, reserved 1048576K
}

