# JRE version: Java(TM) SE Runtime Environment (8.0_152-b16) (build 1.8.0_152-b16)
# Java VM: Java HotSpot(TM) 64-Bit Server VM (25.152-b16 mixed mode bsd-amd64 compressed oops)
Heap:
 PSYoungGen      total 596480K, used 76842K [0x0000000795580000, 0x00000007c0000000, 0x00000007c0000000)
  eden space 577024K, 9% used [0x0000000795580000,0x0000000798d92b90,0x00000007b8900000)
  from space 19456K, 99% used [0x00000007b8900000,0x00000007b9bf8020,0x00000007b9c00000)
  to   space 28672K, 0% used [0x00000007be400000,0x00000007be400000,0x00000007c0000000)
 ParOldGen       total 163328K, used 54009K [0x0000000740000000, 0x0000000749f80000, 0x0000000795580000)
  object space 163328K, 33% used [0x0000000740000000,0x00000007434be418,0x0000000749f80000)
 Metaspace       used 74931K, capacity 101556K, committed 101784K, reserved 1124352K
  class space    used 18458K, capacity 27286K, committed 27312K, reserved 1048576K
GC Heap History (10 events):
Event: 13.897 GC heap before
{Heap before GC invocations=17 (full 3):
 PSYoungGen      total 388608K, used 388597K [0x0000000795580000, 0x00000007b0a00000, 0x00000007c0000000)
  eden space 378880K, 100% used [0x0000000795580000,0x00000007ac780000,0x00000007ac780000)
  from space 9728K, 99% used [0x00000007ac780000,0x00000007ad0fd7a8,0x00000007ad100000)
  to   space 11776K, 0% used [0x00000007afe80000,0x00000007afe80000,0x00000007b0a00000)
 ParOldGen       total 132608K, used 20780K [0x0000000740000000, 0x0000000748180000, 0x0000000795580000)
  object space 132608K, 15% used [0x0000000740000000,0x000000074144b250,0x0000000748180000)
 Metaspace       used 72634K, capacity 98210K, committed 98328K, reserved 1122304K
  class space    used 17824K, capacity 26324K, committed 26416K, reserved 1048576K
Event: 13.907 GC heap after
Heap after GC invocations=17 (full 3):
 PSYoungGen      total 434176K, used 10968K [0x0000000795580000, 0x00000007b0f00000, 0x00000007c0000000)
  eden space 422400K, 0% used [0x0000000795580000,0x0000000795580000,0x00000007af200000)
  from space 11776K, 93% used [0x00000007afe80000,0x00000007b0936098,0x00000007b0a00000)
  to   space 12800K, 0% used [0x00000007af200000,0x00000007af200000,0x00000007afe80000)
 ParOldGen       total 132608K, used 20788K [0x0000000740000000, 0x0000000748180000, 0x0000000795580000)
  object space 132608K, 15% used [0x0000000740000000,0x000000074144d250,0x0000000748180000)
 Metaspace       used 72634K, capacity 98210K, committed 98328K, reserved 1122304K
  class space    used 17824K, capacity 26324K, committed 26416K, reserved 1048576K
}
Event: 13.943 GC heap before
{Heap before GC invocations=18 (full 3):
 PSYoungGen      total 434176K, used 27851K [0x0000000795580000, 0x00000007b0f00000, 0x00000007c0000000)
  eden space 422400K, 3% used [0x0000000795580000,0x00000007965fcbb8,0x00000007af200000)
  from space 11776K, 93% used [0x00000007afe80000,0x00000007b0936098,0x00000007b0a00000)
  to   space 12800K, 0% used [0x00000007af200000,0x00000007af200000,0x00000007afe80000)
 ParOldGen       total 132608K, used 20788K [0x0000000740000000, 0x0000000748180000, 0x0000000795580000)
  object space 132608K, 15% used [0x0000000740000000,0x000000074144d250,0x0000000748180000)
 Metaspace       used 72742K, capacity 98426K, committed 98584K, reserved 1122304K
  class space    used 17858K, capacity 26400K, committed 26416K, reserved 1048576K
Event: 13.952 GC heap after
Heap after GC invocations=18 (full 3):
 PSYoungGen      total 435200K, used 10323K [0x0000000795580000, 0x00000007baa00000, 0x00000007c0000000)
  eden space 422400K, 0% used [0x0000000795580000,0x0000000795580000,0x00000007af200000)
  from space 12800K, 80% used [0x00000007af200000,0x00000007afc14d38,0x00000007afe80000)
  to   space 13824K, 0% used [0x00000007b9c80000,0x00000007b9c80000,0x00000007baa00000)
 ParOldGen       total 132608K, used 20788K [0x0000000740000000, 0x0000000748180000, 0x0000000795580000)
  object space 132608K, 15% used [0x0000000740000000,0x000000074144d250,0x0000000748180000)
 Metaspace       used 72742K, capacity 98426K, committed 98584K, reserved 1122304K
  class space    used 17858K, capacity 26400K, committed 26416K, reserved 1048576K
}
Event: 13.953 GC heap before
{Heap before GC invocations=19 (full 4):
 PSYoungGen      total 435200K, used 10323K [0x0000000795580000, 0x00000007baa00000, 0x00000007c0000000)
  eden space 422400K, 0% used [0x0000000795580000,0x0000000795580000,0x00000007af200000)
  from space 12800K, 80% used [0x00000007af200000,0x00000007afc14d38,0x00000007afe80000)
  to   space 13824K, 0% used [0x00000007b9c80000,0x00000007b9c80000,0x00000007baa00000)
 ParOldGen       total 132608K, used 20788K [0x0000000740000000, 0x0000000748180000, 0x0000000795580000)
  object space 132608K, 15% used [0x0000000740000000,0x000000074144d250,0x0000000748180000)
 Metaspace       used 72742K, capacity 98426K, committed 98584K, reserved 1122304K
  class space    used 17858K, capacity 26400K, committed 26416K, reserved 1048576K
Event: 14.058 GC heap after
Heap after GC invocations=19 (full 4):
 PSYoungGen      total 435200K, used 0K [0x0000000795580000, 0x00000007baa00000, 0x00000007c0000000)
  eden space 422400K, 0% used [0x0000000795580000,0x0000000795580000,0x00000007af200000)
  from space 12800K, 0% used [0x00000007af200000,0x00000007af200000,0x00000007afe80000)
  to   space 13824K, 0% used [0x00000007b9c80000,0x00000007b9c80000,0x00000007baa00000)
 ParOldGen       total 163328K, used 26094K [0x0000000740000000, 0x0000000749f80000, 0x0000000795580000)
  object space 163328K, 15% used [0x0000000740000000,0x000000074197bae8,0x0000000749f80000)
 Metaspace       used 72738K, capacity 98420K, committed 98584K, reserved 1122304K
  class space    used 17856K, capacity 26398K, committed 26416K, reserved 1048576K
}
Event: 21.116 GC heap before
{Heap before GC invocations=20 (full 4):
 PSYoungGen      total 435200K, used 422400K [0x0000000795580000, 0x00000007baa00000, 0x00000007c0000000)
  eden space 422400K, 100% used [0x0000000795580000,0x00000007af200000,0x00000007af200000)
  from space 12800K, 0% used [0x00000007af200000,0x00000007af200000,0x00000007afe80000)
  to   space 13824K, 0% used [0x00000007b9c80000,0x00000007b9c80000,0x00000007baa00000)
 ParOldGen       total 163328K, used 26094K [0x0000000740000000, 0x0000000749f80000, 0x0000000795580000)
  object space 163328K, 15% used [0x0000000740000000,0x000000074197bae8,0x0000000749f80000)
 Metaspace       used 74885K, capacity 101482K, committed 101528K, reserved 1124352K
  class space    used 18457K, capacity 27284K, committed 27312K, reserved 1048576K
Event: 21.164 GC heap after
Heap after GC invocations=20 (full 4):
 PSYoungGen      total 590848K, used 13792K [0x0000000795580000, 0x00000007baf00000, 0x00000007c0000000)
  eden space 577024K, 0% used [0x0000000795580000,0x0000000795580000,0x00000007b8900000)
  from space 13824K, 99% used [0x00000007b9c80000,0x00000007ba9f8020,0x00000007baa00000)
  to   space 19456K, 0% used [0x00000007b8900000,0x00000007b8900000,0x00000007b9c00000)
 ParOldGen       total 163328K, used 36217K [0x0000000740000000, 0x0000000749f80000, 0x0000000795580000)
  object space 163328K, 22% used [0x0000000740000000,0x000000074235e418,0x0000000749f80000)
 Metaspace       used 74885K, capacity 101482K, committed 101528K, reserved 1124352K
  class space    used 18457K, capacity 27284K, committed 27312K, reserved 1048576K
}
Event: 30.555 GC heap before
{Heap before GC invocations=21 (full 4):
 PSYoungGen      total 590848K, used 590816K [0x0000000795580000, 0x00000007baf00000, 0x00000007c0000000)
  eden space 577024K, 100% used [0x0000000795580000,0x00000007b8900000,0x00000007b8900000)
  from space 13824K, 99% used [0x00000007b9c80000,0x00000007ba9f8020,0x00000007baa00000)
  to   space 19456K, 0% used [0x00000007b8900000,0x00000007b8900000,0x00000007b9c00000)
 ParOldGen       total 163328K, used 36217K [0x0000000740000000, 0x0000000749f80000, 0x0000000795580000)
  object space 163328K, 22% used [0x0000000740000000,0x000000074235e418,0x0000000749f80000)
 Metaspace       used 74930K, capacity 101556K, committed 101784K, reserved 1124352K
  class space    used 18458K, capacity 27286K, committed 27312K, reserved 1048576K
Event: 30.620 GC heap after
Heap after GC invocations=21 (full 4):
 PSYoungGen      total 596480K, used 19424K [0x0000000795580000, 0x00000007c0000000, 0x00000007c0000000)
  eden space 577024K, 0% used [0x0000000795580000,0x0000000795580000,0x00000007b8900000)
  from space 19456K, 99% used [0x00000007b8900000,0x00000007b9bf8020,0x00000007b9c00000)
  to   space 28672K, 0% used [0x00000007be400000,0x00000007be400000,0x00000007c0000000)
 ParOldGen       total 163328K, used 54009K [0x0000000740000000, 0x0000000749f80000, 0x0000000795580000)
  object space 163328K, 33% used [0x0000000740000000,0x00000007434be418,0x0000000749f80000)
 Metaspace       used 74930K, capacity 101556K, committed 101784K, reserved 1124352K
  class space    used 18458K, capacity 27286K, committed 27312K, reserved 1048576K
}

