# JRE version: Java(TM) SE Runtime Environment (8.0_152-b16) (build 1.8.0_152-b16)
# Java VM: Java HotSpot(TM) 64-Bit Server VM (25.152-b16 mixed mode bsd-amd64 compressed oops)
Heap:
 PSYoungGen      total 430080K, used 63974K [0x0000000795580000, 0x00000007b6600000, 0x00000007c0000000)
  eden space 405504K, 9% used [0x0000000795580000,0x0000000797d19808,0x00000007ae180000)
  from space 24576K, 95% used [0x00000007ae180000,0x00000007af860020,0x00000007af980000)
  to   space 28160K, 0% used [0x00000007b4a80000,0x00000007b4a80000,0x00000007b6600000)
 ParOldGen       total 173056K, used 47158K [0x0000000740000000, 0x000000074a900000, 0x0000000795580000)
  object space 173056K, 27% used [0x0000000740000000,0x0000000742e0dbc8,0x000000074a900000)
 Metaspace       used 75151K, capacity 101774K, committed 101928K, reserved 1124352K
  class space    used 18490K, capacity 27316K, committed 27432K, reserved 1048576K
GC Heap History (10 events):
Event: 13.693 GC heap before
{Heap before GC invocations=21 (full 3):
 PSYoungGen      total 322048K, used 20051K [0x0000000795580000, 0x00000007ab380000, 0x00000007c0000000)
  eden space 310784K, 3% used [0x0000000795580000,0x0000000795e9ae18,0x00000007a8500000)
  from space 11264K, 95% used [0x00000007a8500000,0x00000007a8f7a0a8,0x00000007a9000000)
  to   space 12288K, 0% used [0x00000007aa780000,0x00000007aa780000,0x00000007ab380000)
 ParOldGen       total 136704K, used 17023K [0x0000000740000000, 0x0000000748580000, 0x0000000795580000)
  object space 136704K, 12% used [0x0000000740000000,0x000000074109ff88,0x0000000748580000)
 Metaspace       used 72686K, capacity 98352K, committed 98600K, reserved 1122304K
  class space    used 17853K, capacity 26398K, committed 26408K, reserved 1048576K
Event: 13.702 GC heap after
Heap after GC invocations=21 (full 3):
 PSYoungGen      total 345600K, used 10083K [0x0000000795580000, 0x00000007aed80000, 0x00000007c0000000)
  eden space 333312K, 0% used [0x0000000795580000,0x0000000795580000,0x00000007a9b00000)
  from space 12288K, 82% used [0x00000007aa780000,0x00000007ab158d28,0x00000007ab380000)
  to   space 12800K, 0% used [0x00000007a9b00000,0x00000007a9b00000,0x00000007aa780000)
 ParOldGen       total 136704K, used 17031K [0x0000000740000000, 0x0000000748580000, 0x0000000795580000)
  object space 136704K, 12% used [0x0000000740000000,0x00000007410a1f88,0x0000000748580000)
 Metaspace       used 72686K, capacity 98352K, committed 98600K, reserved 1122304K
  class space    used 17853K, capacity 26398K, committed 26408K, reserved 1048576K
}
Event: 13.702 GC heap before
{Heap before GC invocations=22 (full 4):
 PSYoungGen      total 345600K, used 10083K [0x0000000795580000, 0x00000007aed80000, 0x00000007c0000000)
  eden space 333312K, 0% used [0x0000000795580000,0x0000000795580000,0x00000007a9b00000)
  from space 12288K, 82% used [0x00000007aa780000,0x00000007ab158d28,0x00000007ab380000)
  to   space 12800K, 0% used [0x00000007a9b00000,0x00000007a9b00000,0x00000007aa780000)
 ParOldGen       total 136704K, used 17031K [0x0000000740000000, 0x0000000748580000, 0x0000000795580000)
  object space 136704K, 12% used [0x0000000740000000,0x00000007410a1f88,0x0000000748580000)
 Metaspace       used 72686K, capacity 98352K, committed 98600K, reserved 1122304K
  class space    used 17853K, capacity 26398K, committed 26408K, reserved 1048576K
Event: 13.916 GC heap after
Heap after GC invocations=22 (full 4):
 PSYoungGen      total 345600K, used 0K [0x0000000795580000, 0x00000007aed80000, 0x00000007c0000000)
  eden space 333312K, 0% used [0x0000000795580000,0x0000000795580000,0x00000007a9b00000)
  from space 12288K, 0% used [0x00000007aa780000,0x00000007aa780000,0x00000007ab380000)
  to   space 12800K, 0% used [0x00000007a9b00000,0x00000007a9b00000,0x00000007aa780000)
 ParOldGen       total 173056K, used 25693K [0x0000000740000000, 0x000000074a900000, 0x0000000795580000)
  object space 173056K, 14% used [0x0000000740000000,0x0000000741917730,0x000000074a900000)
 Metaspace       used 72683K, capacity 98346K, committed 98600K, reserved 1122304K
  class space    used 17852K, capacity 26396K, committed 26408K, reserved 1048576K
}
Event: 20.263 GC heap before
{Heap before GC invocations=23 (full 4):
 PSYoungGen      total 345600K, used 333312K [0x0000000795580000, 0x00000007aed80000, 0x00000007c0000000)
  eden space 333312K, 100% used [0x0000000795580000,0x00000007a9b00000,0x00000007a9b00000)
  from space 12288K, 0% used [0x00000007aa780000,0x00000007aa780000,0x00000007ab380000)
  to   space 12800K, 0% used [0x00000007a9b00000,0x00000007a9b00000,0x00000007aa780000)
 ParOldGen       total 173056K, used 25693K [0x0000000740000000, 0x000000074a900000, 0x0000000795580000)
  object space 173056K, 14% used [0x0000000740000000,0x0000000741917730,0x000000074a900000)
 Metaspace       used 75104K, capacity 101760K, committed 101928K, reserved 1124352K
  class space    used 18487K, capacity 27314K, committed 27432K, reserved 1048576K
Event: 20.302 GC heap after
Heap after GC invocations=23 (full 4):
 PSYoungGen      total 346112K, used 12768K [0x0000000795580000, 0x00000007b0980000, 0x00000007c0000000)
  eden space 333312K, 0% used [0x0000000795580000,0x0000000795580000,0x00000007a9b00000)
  from space 12800K, 99% used [0x00000007a9b00000,0x00000007aa778020,0x00000007aa780000)
  to   space 16384K, 0% used [0x00000007af980000,0x00000007af980000,0x00000007b0980000)
 ParOldGen       total 173056K, used 30750K [0x0000000740000000, 0x000000074a900000, 0x0000000795580000)
  object space 173056K, 17% used [0x0000000740000000,0x0000000741e07bc8,0x000000074a900000)
 Metaspace       used 75104K, capacity 101760K, committed 101928K, reserved 1124352K
  class space    used 18487K, capacity 27314K, committed 27432K, reserved 1048576K
}
Event: 25.811 GC heap before
{Heap before GC invocations=24 (full 4):
 PSYoungGen      total 346112K, used 346080K [0x0000000795580000, 0x00000007b0980000, 0x00000007c0000000)
  eden space 333312K, 100% used [0x0000000795580000,0x00000007a9b00000,0x00000007a9b00000)
  from space 12800K, 99% used [0x00000007a9b00000,0x00000007aa778020,0x00000007aa780000)
  to   space 16384K, 0% used [0x00000007af980000,0x00000007af980000,0x00000007b0980000)
 ParOldGen       total 173056K, used 30750K [0x0000000740000000, 0x000000074a900000, 0x0000000795580000)
  object space 173056K, 17% used [0x0000000740000000,0x0000000741e07bc8,0x000000074a900000)
 Metaspace       used 75113K, capacity 101764K, committed 101928K, reserved 1124352K
  class space    used 18487K, capacity 27314K, committed 27432K, reserved 1048576K
Event: 25.858 GC heap after
Heap after GC invocations=24 (full 4):
 PSYoungGen      total 421888K, used 16352K [0x0000000795580000, 0x00000007b1180000, 0x00000007c0000000)
  eden space 405504K, 0% used [0x0000000795580000,0x0000000795580000,0x00000007ae180000)
  from space 16384K, 99% used [0x00000007af980000,0x00000007b0978020,0x00000007b0980000)
  to   space 24576K, 0% used [0x00000007ae180000,0x00000007ae180000,0x00000007af980000)
 ParOldGen       total 173056K, used 47150K [0x0000000740000000, 0x000000074a900000, 0x0000000795580000)
  object space 173056K, 27% used [0x0000000740000000,0x0000000742e0bbc8,0x000000074a900000)
 Metaspace       used 75113K, capacity 101764K, committed 101928K, reserved 1124352K
  class space    used 18487K, capacity 27314K, committed 27432K, reserved 1048576K
}
Event: 31.393 GC heap before
{Heap before GC invocations=25 (full 4):
 PSYoungGen      total 421888K, used 421856K [0x0000000795580000, 0x00000007b1180000, 0x00000007c0000000)
  eden space 405504K, 100% used [0x0000000795580000,0x00000007ae180000,0x00000007ae180000)
  from space 16384K, 99% used [0x00000007af980000,0x00000007b0978020,0x00000007b0980000)
  to   space 24576K, 0% used [0x00000007ae180000,0x00000007ae180000,0x00000007af980000)
 ParOldGen       total 173056K, used 47150K [0x0000000740000000, 0x000000074a900000, 0x0000000795580000)
  object space 173056K, 27% used [0x0000000740000000,0x0000000742e0bbc8,0x000000074a900000)
 Metaspace       used 75151K, capacity 101774K, committed 101928K, reserved 1124352K
  class space    used 18490K, capacity 27316K, committed 27432K, reserved 1048576K
Event: 31.445 GC heap after
Heap after GC invocations=25 (full 4):
 PSYoungGen      total 430080K, used 23424K [0x0000000795580000, 0x00000007b6600000, 0x00000007c0000000)
  eden space 405504K, 0% used [0x0000000795580000,0x0000000795580000,0x00000007ae180000)
  from space 24576K, 95% used [0x00000007ae180000,0x00000007af860020,0x00000007af980000)
  to   space 28160K, 0% used [0x00000007b4a80000,0x00000007b4a80000,0x00000007b6600000)
 ParOldGen       total 173056K, used 47158K [0x0000000740000000, 0x000000074a900000, 0x0000000795580000)
  object space 173056K, 27% used [0x0000000740000000,0x0000000742e0dbc8,0x000000074a900000)
 Metaspace       used 75151K, capacity 101774K, committed 101928K, reserved 1124352K
  class space    used 18490K, capacity 27316K, committed 27432K, reserved 1048576K
}

