# JRE version: Java(TM) SE Runtime Environment (8.0_152-b16) (build 1.8.0_152-b16)
# Java VM: Java HotSpot(TM) 64-Bit Server VM (25.152-b16 mixed mode bsd-amd64 compressed oops)
Heap:
 PSYoungGen      total 422400K, used 68919K [0x0000000795580000, 0x00000007b4d80000, 0x00000007c0000000)
  eden space 395776K, 11% used [0x0000000795580000,0x00000007983bdbf8,0x00000007ad800000)
  from space 26624K, 81% used [0x00000007ad800000,0x00000007aed10020,0x00000007af200000)
  to   space 28672K, 0% used [0x00000007b3180000,0x00000007b3180000,0x00000007b4d80000)
 ParOldGen       total 185344K, used 47246K [0x0000000740000000, 0x000000074b500000, 0x0000000795580000)
  object space 185344K, 25% used [0x0000000740000000,0x0000000742e23868,0x000000074b500000)
 Metaspace       used 74939K, capacity 101620K, committed 101784K, reserved 1124352K
  class space    used 18458K, capacity 27286K, committed 27312K, reserved 1048576K
GC Heap History (10 events):
Event: 13.779 GC heap before
{Heap before GC invocations=21 (full 3):
 PSYoungGen      total 327168K, used 42704K [0x0000000795580000, 0x00000007abd00000, 0x00000007c0000000)
  eden space 314880K, 9% used [0x0000000795580000,0x000000079743ec30,0x00000007a8900000)
  from space 12288K, 91% used [0x00000007a8900000,0x00000007a93f5448,0x00000007a9500000)
  to   space 13312K, 0% used [0x00000007ab000000,0x00000007ab000000,0x00000007abd00000)
 ParOldGen       total 142336K, used 19738K [0x0000000740000000, 0x0000000748b00000, 0x0000000795580000)
  object space 142336K, 13% used [0x0000000740000000,0x0000000741346848,0x0000000748b00000)
 Metaspace       used 72751K, capacity 98426K, committed 98584K, reserved 1122304K
  class space    used 17858K, capacity 26400K, committed 26416K, reserved 1048576K
Event: 13.788 GC heap after
Heap after GC invocations=21 (full 3):
 PSYoungGen      total 353792K, used 11203K [0x0000000795580000, 0x00000007ae100000, 0x00000007c0000000)
  eden space 340480K, 0% used [0x0000000795580000,0x0000000795580000,0x00000007aa200000)
  from space 13312K, 84% used [0x00000007ab000000,0x00000007abaf0d28,0x00000007abd00000)
  to   space 14336K, 0% used [0x00000007aa200000,0x00000007aa200000,0x00000007ab000000)
 ParOldGen       total 142336K, used 19738K [0x0000000740000000, 0x0000000748b00000, 0x0000000795580000)
  object space 142336K, 13% used [0x0000000740000000,0x0000000741346848,0x0000000748b00000)
 Metaspace       used 72751K, capacity 98426K, committed 98584K, reserved 1122304K
  class space    used 17858K, capacity 26400K, committed 26416K, reserved 1048576K
}
Event: 13.788 GC heap before
{Heap before GC invocations=22 (full 4):
 PSYoungGen      total 353792K, used 11203K [0x0000000795580000, 0x00000007ae100000, 0x00000007c0000000)
  eden space 340480K, 0% used [0x0000000795580000,0x0000000795580000,0x00000007aa200000)
  from space 13312K, 84% used [0x00000007ab000000,0x00000007abaf0d28,0x00000007abd00000)
  to   space 14336K, 0% used [0x00000007aa200000,0x00000007aa200000,0x00000007ab000000)
 ParOldGen       total 142336K, used 19738K [0x0000000740000000, 0x0000000748b00000, 0x0000000795580000)
  object space 142336K, 13% used [0x0000000740000000,0x0000000741346848,0x0000000748b00000)
 Metaspace       used 72751K, capacity 98426K, committed 98584K, reserved 1122304K
  class space    used 17858K, capacity 26400K, committed 26416K, reserved 1048576K
Event: 13.870 GC heap after
Heap after GC invocations=22 (full 4):
 PSYoungGen      total 353792K, used 0K [0x0000000795580000, 0x00000007ae100000, 0x00000007c0000000)
  eden space 340480K, 0% used [0x0000000795580000,0x0000000795580000,0x00000007aa200000)
  from space 13312K, 0% used [0x00000007ab000000,0x00000007ab000000,0x00000007abd00000)
  to   space 14336K, 0% used [0x00000007aa200000,0x00000007aa200000,0x00000007ab000000)
 ParOldGen       total 185344K, used 26273K [0x0000000740000000, 0x000000074b500000, 0x0000000795580000)
  object space 185344K, 14% used [0x0000000740000000,0x00000007419a86b0,0x000000074b500000)
 Metaspace       used 72747K, capacity 98420K, committed 98584K, reserved 1122304K
  class space    used 17856K, capacity 26398K, committed 26416K, reserved 1048576K
}
Event: 20.719 GC heap before
{Heap before GC invocations=23 (full 4):
 PSYoungGen      total 353792K, used 340480K [0x0000000795580000, 0x00000007ae100000, 0x00000007c0000000)
  eden space 340480K, 100% used [0x0000000795580000,0x00000007aa200000,0x00000007aa200000)
  from space 13312K, 0% used [0x00000007ab000000,0x00000007ab000000,0x00000007abd00000)
  to   space 14336K, 0% used [0x00000007aa200000,0x00000007aa200000,0x00000007ab000000)
 ParOldGen       total 185344K, used 26273K [0x0000000740000000, 0x000000074b500000, 0x0000000795580000)
  object space 185344K, 14% used [0x0000000740000000,0x00000007419a86b0,0x000000074b500000)
 Metaspace       used 74896K, capacity 101606K, committed 101784K, reserved 1124352K
  class space    used 18457K, capacity 27284K, committed 27312K, reserved 1048576K
Event: 20.765 GC heap after
Heap after GC invocations=23 (full 4):
 PSYoungGen      total 354816K, used 14304K [0x0000000795580000, 0x00000007b0300000, 0x00000007c0000000)
  eden space 340480K, 0% used [0x0000000795580000,0x0000000795580000,0x00000007aa200000)
  from space 14336K, 99% used [0x00000007aa200000,0x00000007aaff8020,0x00000007ab000000)
  to   space 17408K, 0% used [0x00000007af200000,0x00000007af200000,0x00000007b0300000)
 ParOldGen       total 185344K, used 30038K [0x0000000740000000, 0x000000074b500000, 0x0000000795580000)
  object space 185344K, 16% used [0x0000000740000000,0x0000000741d55868,0x000000074b500000)
 Metaspace       used 74896K, capacity 101606K, committed 101784K, reserved 1124352K
  class space    used 18457K, capacity 27284K, committed 27312K, reserved 1048576K
}
Event: 26.554 GC heap before
{Heap before GC invocations=24 (full 4):
 PSYoungGen      total 354816K, used 354784K [0x0000000795580000, 0x00000007b0300000, 0x00000007c0000000)
  eden space 340480K, 100% used [0x0000000795580000,0x00000007aa200000,0x00000007aa200000)
  from space 14336K, 99% used [0x00000007aa200000,0x00000007aaff8020,0x00000007ab000000)
  to   space 17408K, 0% used [0x00000007af200000,0x00000007af200000,0x00000007b0300000)
 ParOldGen       total 185344K, used 30038K [0x0000000740000000, 0x000000074b500000, 0x0000000795580000)
  object space 185344K, 16% used [0x0000000740000000,0x0000000741d55868,0x000000074b500000)
 Metaspace       used 74906K, capacity 101610K, committed 101784K, reserved 1124352K
  class space    used 18457K, capacity 27284K, committed 27312K, reserved 1048576K
Event: 26.611 GC heap after
Heap after GC invocations=24 (full 4):
 PSYoungGen      total 413184K, used 17376K [0x0000000795580000, 0x00000007b0f80000, 0x00000007c0000000)
  eden space 395776K, 0% used [0x0000000795580000,0x0000000795580000,0x00000007ad800000)
  from space 17408K, 99% used [0x00000007af200000,0x00000007b02f8020,0x00000007b0300000)
  to   space 26624K, 0% used [0x00000007ad800000,0x00000007ad800000,0x00000007af200000)
 ParOldGen       total 185344K, used 47238K [0x0000000740000000, 0x000000074b500000, 0x0000000795580000)
  object space 185344K, 25% used [0x0000000740000000,0x0000000742e21868,0x000000074b500000)
 Metaspace       used 74906K, capacity 101610K, committed 101784K, reserved 1124352K
  class space    used 18457K, capacity 27284K, committed 27312K, reserved 1048576K
}
Event: 32.035 GC heap before
{Heap before GC invocations=25 (full 4):
 PSYoungGen      total 413184K, used 413152K [0x0000000795580000, 0x00000007b0f80000, 0x00000007c0000000)
  eden space 395776K, 100% used [0x0000000795580000,0x00000007ad800000,0x00000007ad800000)
  from space 17408K, 99% used [0x00000007af200000,0x00000007b02f8020,0x00000007b0300000)
  to   space 26624K, 0% used [0x00000007ad800000,0x00000007ad800000,0x00000007af200000)
 ParOldGen       total 185344K, used 47238K [0x0000000740000000, 0x000000074b500000, 0x0000000795580000)
  object space 185344K, 25% used [0x0000000740000000,0x0000000742e21868,0x000000074b500000)
 Metaspace       used 74938K, capacity 101620K, committed 101784K, reserved 1124352K
  class space    used 18458K, capacity 27286K, committed 27312K, reserved 1048576K
Event: 32.086 GC heap after
Heap after GC invocations=25 (full 4):
 PSYoungGen      total 422400K, used 21568K [0x0000000795580000, 0x00000007b4d80000, 0x00000007c0000000)
  eden space 395776K, 0% used [0x0000000795580000,0x0000000795580000,0x00000007ad800000)
  from space 26624K, 81% used [0x00000007ad800000,0x00000007aed10020,0x00000007af200000)
  to   space 28672K, 0% used [0x00000007b3180000,0x00000007b3180000,0x00000007b4d80000)
 ParOldGen       total 185344K, used 47246K [0x0000000740000000, 0x000000074b500000, 0x0000000795580000)
  object space 185344K, 25% used [0x0000000740000000,0x0000000742e23868,0x000000074b500000)
 Metaspace       used 74938K, capacity 101620K, committed 101784K, reserved 1124352K
  class space    used 18458K, capacity 27286K, committed 27312K, reserved 1048576K
}

