# JRE version: Java(TM) SE Runtime Environment (8.0_152-b16) (build 1.8.0_152-b16)
# Java VM: Java HotSpot(TM) 64-Bit Server VM (25.152-b16 mixed mode bsd-amd64 compressed oops)
Heap:
 PSYoungGen      total 544768K, used 216417K [0x0000000795580000, 0x00000007b9380000, 0x00000007c0000000)
  eden space 525824K, 37% used [0x0000000795580000,0x00000007a16604c8,0x00000007b5700000)
  from space 18944K, 99% used [0x00000007b7280000,0x00000007b84f8020,0x00000007b8500000)
  to   space 28160K, 0% used [0x00000007b5700000,0x00000007b5700000,0x00000007b7280000)
 ParOldGen       total 174592K, used 58562K [0x0000000740000000, 0x000000074aa80000, 0x0000000795580000)
  object space 174592K, 33% used [0x0000000740000000,0x0000000743930a90,0x000000074aa80000)
 Metaspace       used 75169K, capacity 101842K, committed 102184K, reserved 1124352K
  class space    used 18490K, capacity 27316K, committed 27432K, reserved 1048576K
GC Heap History (10 events):
Event: 12.601 GC heap before
{Heap before GC invocations=16 (full 3):
 PSYoungGen      total 421376K, used 421104K [0x0000000795580000, 0x00000007afb00000, 0x00000007c0000000)
  eden space 414208K, 100% used [0x0000000795580000,0x00000007aea00000,0x00000007aea00000)
  from space 7168K, 96% used [0x00000007af400000,0x00000007afabc010,0x00000007afb00000)
  to   space 8704K, 0% used [0x00000007aea00000,0x00000007aea00000,0x00000007af280000)
 ParOldGen       total 116736K, used 14147K [0x0000000740000000, 0x0000000747200000, 0x0000000795580000)
  object space 116736K, 12% used [0x0000000740000000,0x0000000740dd0ca0,0x0000000747200000)
 Metaspace       used 70383K, capacity 94554K, committed 94632K, reserved 1118208K
  class space    used 17137K, capacity 25204K, committed 25256K, reserved 1048576K
Event: 12.611 GC heap after
Heap after GC invocations=16 (full 3):
 PSYoungGen      total 422912K, used 8694K [0x0000000795580000, 0x00000007b3900000, 0x00000007c0000000)
  eden space 414208K, 0% used [0x0000000795580000,0x0000000795580000,0x00000007aea00000)
  from space 8704K, 99% used [0x00000007aea00000,0x00000007af27db38,0x00000007af280000)
  to   space 10752K, 0% used [0x00000007b2e80000,0x00000007b2e80000,0x00000007b3900000)
 ParOldGen       total 116736K, used 17541K [0x0000000740000000, 0x0000000747200000, 0x0000000795580000)
  object space 116736K, 15% used [0x0000000740000000,0x00000007411216d0,0x0000000747200000)
 Metaspace       used 70383K, capacity 94554K, committed 94632K, reserved 1118208K
  class space    used 17137K, capacity 25204K, committed 25256K, reserved 1048576K
}
Event: 13.274 GC heap before
{Heap before GC invocations=17 (full 3):
 PSYoungGen      total 422912K, used 314540K [0x0000000795580000, 0x00000007b3900000, 0x00000007c0000000)
  eden space 414208K, 73% used [0x0000000795580000,0x00000007a802d5e0,0x00000007aea00000)
  from space 8704K, 99% used [0x00000007aea00000,0x00000007af27db38,0x00000007af280000)
  to   space 10752K, 0% used [0x00000007b2e80000,0x00000007b2e80000,0x00000007b3900000)
 ParOldGen       total 116736K, used 17541K [0x0000000740000000, 0x0000000747200000, 0x0000000795580000)
  object space 116736K, 15% used [0x0000000740000000,0x00000007411216d0,0x0000000747200000)
 Metaspace       used 72699K, capacity 98420K, committed 98600K, reserved 1122304K
  class space    used 17853K, capacity 26398K, committed 26408K, reserved 1048576K
Event: 13.282 GC heap after
Heap after GC invocations=17 (full 3):
 PSYoungGen      total 483328K, used 9749K [0x0000000795580000, 0x00000007b3b80000, 0x00000007c0000000)
  eden space 472576K, 0% used [0x0000000795580000,0x0000000795580000,0x00000007b2300000)
  from space 10752K, 90% used [0x00000007b2e80000,0x00000007b3805448,0x00000007b3900000)
  to   space 11776K, 0% used [0x00000007b2300000,0x00000007b2300000,0x00000007b2e80000)
 ParOldGen       total 116736K, used 17541K [0x0000000740000000, 0x0000000747200000, 0x0000000795580000)
  object space 116736K, 15% used [0x0000000740000000,0x00000007411216d0,0x0000000747200000)
 Metaspace       used 72699K, capacity 98420K, committed 98600K, reserved 1122304K
  class space    used 17853K, capacity 26398K, committed 26408K, reserved 1048576K
}
Event: 13.282 GC heap before
{Heap before GC invocations=18 (full 4):
 PSYoungGen      total 483328K, used 9749K [0x0000000795580000, 0x00000007b3b80000, 0x00000007c0000000)
  eden space 472576K, 0% used [0x0000000795580000,0x0000000795580000,0x00000007b2300000)
  from space 10752K, 90% used [0x00000007b2e80000,0x00000007b3805448,0x00000007b3900000)
  to   space 11776K, 0% used [0x00000007b2300000,0x00000007b2300000,0x00000007b2e80000)
 ParOldGen       total 116736K, used 17541K [0x0000000740000000, 0x0000000747200000, 0x0000000795580000)
  object space 116736K, 15% used [0x0000000740000000,0x00000007411216d0,0x0000000747200000)
 Metaspace       used 72699K, capacity 98420K, committed 98600K, reserved 1122304K
  class space    used 17853K, capacity 26398K, committed 26408K, reserved 1048576K
Event: 13.510 GC heap after
Heap after GC invocations=18 (full 4):
 PSYoungGen      total 483328K, used 0K [0x0000000795580000, 0x00000007b3b80000, 0x00000007c0000000)
  eden space 472576K, 0% used [0x0000000795580000,0x0000000795580000,0x00000007b2300000)
  from space 10752K, 0% used [0x00000007b2e80000,0x00000007b2e80000,0x00000007b3900000)
  to   space 11776K, 0% used [0x00000007b2300000,0x00000007b2300000,0x00000007b2e80000)
 ParOldGen       total 174592K, used 25893K [0x0000000740000000, 0x000000074aa80000, 0x0000000795580000)
  object space 174592K, 14% used [0x0000000740000000,0x0000000741949418,0x000000074aa80000)
 Metaspace       used 72695K, capacity 98414K, committed 98600K, reserved 1122304K
  class space    used 17852K, capacity 26396K, committed 26408K, reserved 1048576K
}
Event: 21.811 GC heap before
{Heap before GC invocations=19 (full 4):
 PSYoungGen      total 483328K, used 472576K [0x0000000795580000, 0x00000007b3b80000, 0x00000007c0000000)
  eden space 472576K, 100% used [0x0000000795580000,0x00000007b2300000,0x00000007b2300000)
  from space 10752K, 0% used [0x00000007b2e80000,0x00000007b2e80000,0x00000007b3900000)
  to   space 11776K, 0% used [0x00000007b2300000,0x00000007b2300000,0x00000007b2e80000)
 ParOldGen       total 174592K, used 25893K [0x0000000740000000, 0x000000074aa80000, 0x0000000795580000)
  object space 174592K, 14% used [0x0000000740000000,0x0000000741949418,0x000000074aa80000)
 Metaspace       used 75127K, capacity 101768K, committed 101928K, reserved 1124352K
  class space    used 18487K, capacity 27314K, committed 27432K, reserved 1048576K
Event: 21.863 GC heap after
Heap after GC invocations=19 (full 4):
 PSYoungGen      total 484352K, used 11744K [0x0000000795580000, 0x00000007b8500000, 0x00000007c0000000)
  eden space 472576K, 0% used [0x0000000795580000,0x0000000795580000,0x00000007b2300000)
  from space 11776K, 99% used [0x00000007b2300000,0x00000007b2e78020,0x00000007b2e80000)
  to   space 18944K, 0% used [0x00000007b7280000,0x00000007b7280000,0x00000007b8500000)
 ParOldGen       total 174592K, used 41290K [0x0000000740000000, 0x000000074aa80000, 0x0000000795580000)
  object space 174592K, 23% used [0x0000000740000000,0x0000000742852a90,0x000000074aa80000)
 Metaspace       used 75127K, capacity 101768K, committed 101928K, reserved 1124352K
  class space    used 18487K, capacity 27314K, committed 27432K, reserved 1048576K
}
Event: 29.491 GC heap before
{Heap before GC invocations=20 (full 4):
 PSYoungGen      total 484352K, used 484320K [0x0000000795580000, 0x00000007b8500000, 0x00000007c0000000)
  eden space 472576K, 100% used [0x0000000795580000,0x00000007b2300000,0x00000007b2300000)
  from space 11776K, 99% used [0x00000007b2300000,0x00000007b2e78020,0x00000007b2e80000)
  to   space 18944K, 0% used [0x00000007b7280000,0x00000007b7280000,0x00000007b8500000)
 ParOldGen       total 174592K, used 41290K [0x0000000740000000, 0x000000074aa80000, 0x0000000795580000)
  object space 174592K, 23% used [0x0000000740000000,0x0000000742852a90,0x000000074aa80000)
 Metaspace       used 75163K, capacity 101836K, committed 102184K, reserved 1124352K
  class space    used 18488K, capacity 27314K, committed 27432K, reserved 1048576K
Event: 29.549 GC heap after
Heap after GC invocations=20 (full 4):
 PSYoungGen      total 544768K, used 18912K [0x0000000795580000, 0x00000007b9380000, 0x00000007c0000000)
  eden space 525824K, 0% used [0x0000000795580000,0x0000000795580000,0x00000007b5700000)
  from space 18944K, 99% used [0x00000007b7280000,0x00000007b84f8020,0x00000007b8500000)
  to   space 28160K, 0% used [0x00000007b5700000,0x00000007b5700000,0x00000007b7280000)
 ParOldGen       total 174592K, used 58562K [0x0000000740000000, 0x000000074aa80000, 0x0000000795580000)
  object space 174592K, 33% used [0x0000000740000000,0x0000000743930a90,0x000000074aa80000)
 Metaspace       used 75163K, capacity 101836K, committed 102184K, reserved 1124352K
  class space    used 18488K, capacity 27314K, committed 27432K, reserved 1048576K
}

